\BOOKMARK [0][-]{chapter.1}{\376\377\0001\000\040\000P\000r\000o\000y\000e\000c\000t\000o\0003\000A\000\137\000A\000r\000d\000u\000i\000n\000o}{}% 1
\BOOKMARK [1][-]{section.1.1}{\376\377\0001\000.\0001\000\040\000T\000a\000b\000l\000a\000\040\000d\000e\000\040\000C\000o\000n\000t\000e\000n\000i\000d\000o\000s}{chapter.1}% 2
\BOOKMARK [1][-]{section.1.2}{\376\377\0001\000.\0002\000\040\000D\000e\000s\000c\000r\000i\000p\000c\000i\000\363\000n}{chapter.1}% 3
\BOOKMARK [1][-]{section.1.3}{\376\377\0001\000.\0003\000\040\000C\000a\000r\000a\000c\000t\000e\000r\000\355\000s\000t\000i\000c\000a\000s}{chapter.1}% 4
\BOOKMARK [1][-]{section.1.4}{\376\377\0001\000.\0004\000\040\000I\000n\000s\000t\000a\000l\000a\000c\000i\000\363\000n}{chapter.1}% 5
\BOOKMARK [1][-]{section.1.5}{\376\377\0001\000.\0005\000\040\000U\000s\000o}{chapter.1}% 6
\BOOKMARK [1][-]{section.1.6}{\376\377\0001\000.\0006\000\040\000E\000s\000t\000r\000u\000c\000t\000u\000r\000a\000\040\000d\000e\000\040\000A\000r\000c\000h\000i\000v\000o\000s}{chapter.1}% 7
\BOOKMARK [1][-]{section.1.7}{\376\377\0001\000.\0007\000\040\000C\000o\000n\000t\000r\000i\000b\000u\000c\000i\000o\000n\000e\000s}{chapter.1}% 8
\BOOKMARK [1][-]{section.1.8}{\376\377\0001\000.\0008\000\040\000L\000i\000c\000e\000n\000c\000i\000a}{chapter.1}% 9
\BOOKMARK [0][-]{chapter.2}{\376\377\0002\000\040\000\315\000n\000d\000i\000c\000e\000\040\000d\000e\000\040\000e\000s\000p\000a\000c\000i\000o\000s\000\040\000d\000e\000\040\000n\000o\000m\000b\000r\000e\000s}{}% 10
\BOOKMARK [1][-]{section.2.1}{\376\377\0002\000.\0001\000\040\000L\000i\000s\000t\000a\000\040\000d\000e\000\040\000e\000s\000p\000a\000c\000i\000o\000s\000\040\000d\000e\000\040\000n\000o\000m\000b\000r\000e\000s}{chapter.2}% 11
\BOOKMARK [0][-]{chapter.3}{\376\377\0003\000\040\000\315\000n\000d\000i\000c\000e\000\040\000d\000e\000\040\000c\000l\000a\000s\000e\000s}{}% 12
\BOOKMARK [1][-]{section.3.1}{\376\377\0003\000.\0001\000\040\000L\000i\000s\000t\000a\000\040\000d\000e\000\040\000c\000l\000a\000s\000e\000s}{chapter.3}% 13
\BOOKMARK [0][-]{chapter.4}{\376\377\0004\000\040\000\315\000n\000d\000i\000c\000e\000\040\000d\000e\000\040\000a\000r\000c\000h\000i\000v\000o\000s}{}% 14
\BOOKMARK [1][-]{section.4.1}{\376\377\0004\000.\0001\000\040\000L\000i\000s\000t\000a\000\040\000d\000e\000\040\000a\000r\000c\000h\000i\000v\000o\000s}{chapter.4}% 15
\BOOKMARK [0][-]{chapter.5}{\376\377\0005\000\040\000D\000o\000c\000u\000m\000e\000n\000t\000a\000c\000i\000\363\000n\000\040\000d\000e\000\040\000e\000s\000p\000a\000c\000i\000o\000s\000\040\000d\000e\000\040\000n\000o\000m\000b\000r\000e\000s}{}% 16
\BOOKMARK [1][-]{section.5.1}{\376\377\0005\000.\0001\000\040\000R\000e\000f\000e\000r\000e\000n\000c\000i\000a\000\040\000d\000e\000l\000\040\000e\000s\000p\000a\000c\000i\000o\000\040\000d\000e\000\040\000n\000o\000m\000b\000r\000e\000s\000\040\000G\000l\000o\000b\000a\000l\000e\000s}{chapter.5}% 17
\BOOKMARK [2][-]{subsection.5.1.1}{\376\377\0005\000.\0001\000.\0001\000\040\000D\000e\000s\000c\000r\000i\000p\000c\000i\000\363\000n\000\040\000d\000e\000t\000a\000l\000l\000a\000d\000a}{section.5.1}% 18
\BOOKMARK [2][-]{subsection.5.1.2}{\376\377\0005\000.\0001\000.\0002\000\040\000D\000o\000c\000u\000m\000e\000n\000t\000a\000c\000i\000\363\000n\000\040\000d\000e\000\040\000v\000a\000r\000i\000a\000b\000l\000e\000s}{section.5.1}% 19
\BOOKMARK [3][-]{subsubsection.5.1.2.1}{\376\377\0005\000.\0001\000.\0002\000.\0001\000\040\000e\000l\000L\000E\000D}{subsection.5.1.2}% 20
\BOOKMARK [3][-]{subsubsection.5.1.2.2}{\376\377\0005\000.\0001\000.\0002\000.\0002\000\040\000e\000l\000M\000e\000d\000i\000d\000o\000r}{subsection.5.1.2}% 21
\BOOKMARK [3][-]{subsubsection.5.1.2.3}{\376\377\0005\000.\0001\000.\0002\000.\0003\000\040\000e\000l\000P\000u\000b\000l\000i\000c\000a\000d\000o\000r}{subsection.5.1.2}% 22
\BOOKMARK [3][-]{subsubsection.5.1.2.4}{\376\377\0005\000.\0001\000.\0002\000.\0004\000\040\000e\000l\000P\000u\000e\000r\000t\000o}{subsection.5.1.2}% 23
\BOOKMARK [1][-]{section.5.2}{\376\377\0005\000.\0002\000\040\000R\000e\000f\000e\000r\000e\000n\000c\000i\000a\000\040\000d\000e\000l\000\040\000e\000s\000p\000a\000c\000i\000o\000\040\000d\000e\000\040\000n\000o\000m\000b\000r\000e\000s\000\040\000L\000o\000o\000p}{chapter.5}% 24
\BOOKMARK [2][-]{subsection.5.2.1}{\376\377\0005\000.\0002\000.\0001\000\040\000D\000e\000s\000c\000r\000i\000p\000c\000i\000\363\000n\000\040\000d\000e\000t\000a\000l\000l\000a\000d\000a}{section.5.2}% 25
\BOOKMARK [2][-]{subsection.5.2.2}{\376\377\0005\000.\0002\000.\0002\000\040\000D\000o\000c\000u\000m\000e\000n\000t\000a\000c\000i\000\363\000n\000\040\000d\000e\000\040\000v\000a\000r\000i\000a\000b\000l\000e\000s}{section.5.2}% 26
\BOOKMARK [3][-]{subsubsection.5.2.2.1}{\376\377\0005\000.\0002\000.\0002\000.\0001\000\040\000c\000o\000n\000t}{subsection.5.2.2}% 27
\BOOKMARK [0][-]{chapter.6}{\376\377\0006\000\040\000D\000o\000c\000u\000m\000e\000n\000t\000a\000c\000i\000\363\000n\000\040\000d\000e\000\040\000c\000l\000a\000s\000e\000s}{}% 28
\BOOKMARK [1][-]{section.6.1}{\376\377\0006\000.\0001\000\040\000R\000e\000f\000e\000r\000e\000n\000c\000i\000a\000\040\000d\000e\000\040\000l\000a\000\040\000c\000l\000a\000s\000e\000\040\000S\000e\000r\000v\000i\000c\000i\000o\000E\000n\000E\000m\000i\000s\000o\000r\000a\000:\000:\000C\000a\000r\000a\000c\000t\000e\000r\000i\000s\000t\000i\000c\000a}{chapter.6}% 29
\BOOKMARK [2][-]{subsection.6.1.1}{\376\377\0006\000.\0001\000.\0001\000\040\000D\000e\000s\000c\000r\000i\000p\000c\000i\000\363\000n\000\040\000d\000e\000t\000a\000l\000l\000a\000d\000a}{section.6.1}% 30
\BOOKMARK [2][-]{subsection.6.1.2}{\376\377\0006\000.\0001\000.\0002\000\040\000D\000o\000c\000u\000m\000e\000n\000t\000a\000c\000i\000\363\000n\000\040\000d\000e\000\040\000c\000o\000n\000s\000t\000r\000u\000c\000t\000o\000r\000e\000s\000\040\000y\000\040\000d\000e\000s\000t\000r\000u\000c\000t\000o\000r\000e\000s}{section.6.1}% 31
\BOOKMARK [3][-]{subsubsection.6.1.2.1}{\376\377\0006\000.\0001\000.\0002\000.\0001\000\040\000C\000a\000r\000a\000c\000t\000e\000r\000i\000s\000t\000i\000c\000a\000\050\000\051\000\040\000[\0001\000/\0002\000]}{subsection.6.1.2}% 32
\BOOKMARK [3][-]{subsubsection.6.1.2.2}{\376\377\0006\000.\0001\000.\0002\000.\0002\000\040\000C\000a\000r\000a\000c\000t\000e\000r\000i\000s\000t\000i\000c\000a\000\050\000\051\000\040\000[\0002\000/\0002\000]}{subsection.6.1.2}% 33
\BOOKMARK [2][-]{subsection.6.1.3}{\376\377\0006\000.\0001\000.\0003\000\040\000D\000o\000c\000u\000m\000e\000n\000t\000a\000c\000i\000\363\000n\000\040\000d\000e\000\040\000f\000u\000n\000c\000i\000o\000n\000e\000s\000\040\000m\000i\000e\000m\000b\000r\000o}{section.6.1}% 34
\BOOKMARK [3][-]{subsubsection.6.1.3.1}{\376\377\0006\000.\0001\000.\0003\000.\0001\000\040\000a\000c\000t\000i\000v\000a\000r\000\050\000\051}{subsection.6.1.3}% 35
\BOOKMARK [3][-]{subsubsection.6.1.3.2}{\376\377\0006\000.\0001\000.\0003\000.\0002\000\040\000a\000s\000i\000g\000n\000a\000r\000P\000e\000r\000m\000i\000s\000o\000s\000\050\000\051}{subsection.6.1.3}% 36
\BOOKMARK [3][-]{subsubsection.6.1.3.3}{\376\377\0006\000.\0001\000.\0003\000.\0003\000\040\000a\000s\000i\000g\000n\000a\000r\000P\000r\000o\000p\000i\000e\000d\000a\000d\000e\000s\000\050\000\051}{subsection.6.1.3}% 37
\BOOKMARK [3][-]{subsubsection.6.1.3.4}{\376\377\0006\000.\0001\000.\0003\000.\0004\000\040\000a\000s\000i\000g\000n\000a\000r\000P\000r\000o\000p\000i\000e\000d\000a\000d\000e\000s\000P\000e\000r\000m\000i\000s\000o\000s\000Y\000T\000a\000m\000a\000n\000y\000o\000D\000a\000t\000o\000s\000\050\000\051}{subsection.6.1.3}% 38
\BOOKMARK [3][-]{subsubsection.6.1.3.5}{\376\377\0006\000.\0001\000.\0003\000.\0005\000\040\000a\000s\000i\000g\000n\000a\000r\000T\000a\000m\000a\000n\000y\000o\000D\000a\000t\000o\000s\000\050\000\051}{subsection.6.1.3}% 39
\BOOKMARK [3][-]{subsubsection.6.1.3.6}{\376\377\0006\000.\0001\000.\0003\000.\0006\000\040\000e\000s\000c\000r\000i\000b\000i\000r\000D\000a\000t\000o\000s\000\050\000\051}{subsection.6.1.3}% 40
\BOOKMARK [3][-]{subsubsection.6.1.3.7}{\376\377\0006\000.\0001\000.\0003\000.\0007\000\040\000i\000n\000s\000t\000a\000l\000a\000r\000C\000a\000l\000l\000b\000a\000c\000k\000C\000a\000r\000a\000c\000t\000e\000r\000i\000s\000t\000i\000c\000a\000E\000s\000c\000r\000i\000t\000a\000\050\000\051}{subsection.6.1.3}% 41
\BOOKMARK [3][-]{subsubsection.6.1.3.8}{\376\377\0006\000.\0001\000.\0003\000.\0008\000\040\000n\000o\000t\000i\000f\000i\000c\000a\000r\000D\000a\000t\000o\000s\000\050\000\051}{subsection.6.1.3}% 42
\BOOKMARK [2][-]{subsection.6.1.4}{\376\377\0006\000.\0001\000.\0004\000\040\000D\000o\000c\000u\000m\000e\000n\000t\000a\000c\000i\000\363\000n\000\040\000d\000e\000\040\000d\000a\000t\000o\000s\000\040\000m\000i\000e\000m\000b\000r\000o}{section.6.1}% 43
\BOOKMARK [3][-]{subsubsection.6.1.4.1}{\376\377\0006\000.\0001\000.\0004\000.\0001\000\040\000l\000a\000C\000a\000r\000a\000c\000t\000e\000r\000i\000s\000t\000i\000c\000a}{subsection.6.1.4}% 44
\BOOKMARK [3][-]{subsubsection.6.1.4.2}{\376\377\0006\000.\0001\000.\0004\000.\0002\000\040\000u\000u\000i\000d\000C\000a\000r\000a\000c\000t\000e\000r\000i\000s\000t\000i\000c\000a}{subsection.6.1.4}% 45
\BOOKMARK [1][-]{section.6.2}{\376\377\0006\000.\0002\000\040\000R\000e\000f\000e\000r\000e\000n\000c\000i\000a\000\040\000d\000e\000\040\000l\000a\000\040\000c\000l\000a\000s\000e\000\040\000E\000m\000i\000s\000o\000r\000a\000B\000L\000E}{chapter.6}% 46
\BOOKMARK [2][-]{subsection.6.2.1}{\376\377\0006\000.\0002\000.\0001\000\040\000D\000e\000s\000c\000r\000i\000p\000c\000i\000\363\000n\000\040\000d\000e\000t\000a\000l\000l\000a\000d\000a}{section.6.2}% 47
\BOOKMARK [2][-]{subsection.6.2.2}{\376\377\0006\000.\0002\000.\0002\000\040\000D\000o\000c\000u\000m\000e\000n\000t\000a\000c\000i\000\363\000n\000\040\000d\000e\000\040\000l\000o\000s\000\040\000\253\000T\000y\000p\000e\000d\000e\000f\000\273\000\040\000m\000i\000e\000m\000b\000r\000o\000s\000\040\000d\000e\000\040\000l\000a\000\040\000c\000l\000a\000s\000e}{section.6.2}% 48
\BOOKMARK [3][-]{subsubsection.6.2.2.1}{\376\377\0006\000.\0002\000.\0002\000.\0001\000\040\000C\000a\000l\000l\000b\000a\000c\000k\000C\000o\000n\000e\000x\000i\000o\000n\000E\000s\000t\000a\000b\000l\000e\000c\000i\000d\000a}{subsection.6.2.2}% 49
\BOOKMARK [3][-]{subsubsection.6.2.2.2}{\376\377\0006\000.\0002\000.\0002\000.\0002\000\040\000C\000a\000l\000l\000b\000a\000c\000k\000C\000o\000n\000e\000x\000i\000o\000n\000T\000e\000r\000m\000i\000n\000a\000d\000a}{subsection.6.2.2}% 50
\BOOKMARK [2][-]{subsection.6.2.3}{\376\377\0006\000.\0002\000.\0003\000\040\000D\000o\000c\000u\000m\000e\000n\000t\000a\000c\000i\000\363\000n\000\040\000d\000e\000\040\000c\000o\000n\000s\000t\000r\000u\000c\000t\000o\000r\000e\000s\000\040\000y\000\040\000d\000e\000s\000t\000r\000u\000c\000t\000o\000r\000e\000s}{section.6.2}% 51
\BOOKMARK [3][-]{subsubsection.6.2.3.1}{\376\377\0006\000.\0002\000.\0003\000.\0001\000\040\000E\000m\000i\000s\000o\000r\000a\000B\000L\000E\000\050\000\051}{subsection.6.2.3}% 52
\BOOKMARK [2][-]{subsection.6.2.4}{\376\377\0006\000.\0002\000.\0004\000\040\000D\000o\000c\000u\000m\000e\000n\000t\000a\000c\000i\000\363\000n\000\040\000d\000e\000\040\000f\000u\000n\000c\000i\000o\000n\000e\000s\000\040\000m\000i\000e\000m\000b\000r\000o}{section.6.2}% 53
\BOOKMARK [3][-]{subsubsection.6.2.4.1}{\376\377\0006\000.\0002\000.\0004\000.\0001\000\040\000a\000n\000y\000a\000d\000i\000r\000S\000e\000r\000v\000i\000c\000i\000o\000\050\000\051}{subsection.6.2.4}% 54
\BOOKMARK [3][-]{subsubsection.6.2.4.2}{\376\377\0006\000.\0002\000.\0004\000.\0002\000\040\000a\000n\000y\000a\000d\000i\000r\000S\000e\000r\000v\000i\000c\000i\000o\000C\000o\000n\000S\000u\000s\000C\000a\000r\000a\000c\000t\000e\000r\000i\000s\000t\000i\000c\000a\000s\000\050\000\051\000\040\000[\0001\000/\0002\000]}{subsection.6.2.4}% 55
\BOOKMARK [3][-]{subsubsection.6.2.4.3}{\376\377\0006\000.\0002\000.\0004\000.\0003\000\040\000a\000n\000y\000a\000d\000i\000r\000S\000e\000r\000v\000i\000c\000i\000o\000C\000o\000n\000S\000u\000s\000C\000a\000r\000a\000c\000t\000e\000r\000i\000s\000t\000i\000c\000a\000s\000\050\000\051\000\040\000[\0002\000/\0002\000]}{subsection.6.2.4}% 56
\BOOKMARK [3][-]{subsubsection.6.2.4.4}{\376\377\0006\000.\0002\000.\0004\000.\0004\000\040\000a\000n\000y\000a\000d\000i\000r\000S\000e\000r\000v\000i\000c\000i\000o\000C\000o\000n\000S\000u\000s\000C\000a\000r\000a\000c\000t\000e\000r\000i\000s\000t\000i\000c\000a\000s\000Y\000A\000c\000t\000i\000v\000a\000r\000\050\000\051}{subsection.6.2.4}% 57
\BOOKMARK [3][-]{subsubsection.6.2.4.5}{\376\377\0006\000.\0002\000.\0004\000.\0005\000\040\000d\000e\000t\000e\000n\000e\000r\000A\000n\000u\000n\000c\000i\000o\000\050\000\051}{subsection.6.2.4}% 58
\BOOKMARK [3][-]{subsubsection.6.2.4.6}{\376\377\0006\000.\0002\000.\0004\000.\0006\000\040\000e\000m\000i\000t\000i\000r\000A\000n\000u\000n\000c\000i\000o\000I\000B\000e\000a\000c\000o\000n\000\050\000\051}{subsection.6.2.4}% 59
\BOOKMARK [3][-]{subsubsection.6.2.4.7}{\376\377\0006\000.\0002\000.\0004\000.\0007\000\040\000e\000m\000i\000t\000i\000r\000A\000n\000u\000n\000c\000i\000o\000I\000B\000e\000a\000c\000o\000n\000L\000i\000b\000r\000e\000\050\000\051}{subsection.6.2.4}% 60
\BOOKMARK [3][-]{subsubsection.6.2.4.8}{\376\377\0006\000.\0002\000.\0004\000.\0008\000\040\000e\000n\000c\000e\000n\000d\000e\000r\000E\000m\000i\000s\000o\000r\000a\000\050\000\051\000\040\000[\0001\000/\0002\000]}{subsection.6.2.4}% 61
\BOOKMARK [3][-]{subsubsection.6.2.4.9}{\376\377\0006\000.\0002\000.\0004\000.\0009\000\040\000e\000n\000c\000e\000n\000d\000e\000r\000E\000m\000i\000s\000o\000r\000a\000\050\000\051\000\040\000[\0002\000/\0002\000]}{subsection.6.2.4}% 62
\BOOKMARK [3][-]{subsubsection.6.2.4.10}{\376\377\0006\000.\0002\000.\0004\000.\0001\0000\000\040\000e\000s\000t\000a\000A\000n\000u\000n\000c\000i\000a\000n\000d\000o\000\050\000\051}{subsection.6.2.4}% 63
\BOOKMARK [3][-]{subsubsection.6.2.4.11}{\376\377\0006\000.\0002\000.\0004\000.\0001\0001\000\040\000g\000e\000t\000C\000o\000n\000e\000x\000i\000o\000n\000\050\000\051}{subsection.6.2.4}% 64
\BOOKMARK [3][-]{subsubsection.6.2.4.12}{\376\377\0006\000.\0002\000.\0004\000.\0001\0002\000\040\000i\000n\000s\000t\000a\000l\000a\000r\000C\000a\000l\000l\000b\000a\000c\000k\000C\000o\000n\000e\000x\000i\000o\000n\000E\000s\000t\000a\000b\000l\000e\000c\000i\000d\000a\000\050\000\051}{subsection.6.2.4}% 65
\BOOKMARK [3][-]{subsubsection.6.2.4.13}{\376\377\0006\000.\0002\000.\0004\000.\0001\0003\000\040\000i\000n\000s\000t\000a\000l\000a\000r\000C\000a\000l\000l\000b\000a\000c\000k\000C\000o\000n\000e\000x\000i\000o\000n\000T\000e\000r\000m\000i\000n\000a\000d\000a\000\050\000\051}{subsection.6.2.4}% 66
\BOOKMARK [2][-]{subsection.6.2.5}{\376\377\0006\000.\0002\000.\0005\000\040\000D\000o\000c\000u\000m\000e\000n\000t\000a\000c\000i\000\363\000n\000\040\000d\000e\000\040\000d\000a\000t\000o\000s\000\040\000m\000i\000e\000m\000b\000r\000o}{section.6.2}% 67
\BOOKMARK [3][-]{subsubsection.6.2.5.1}{\376\377\0006\000.\0002\000.\0005\000.\0001\000\040\000f\000a\000b\000r\000i\000c\000a\000n\000t\000e\000I\000D}{subsection.6.2.5}% 68
\BOOKMARK [3][-]{subsubsection.6.2.5.2}{\376\377\0006\000.\0002\000.\0005\000.\0002\000\040\000n\000o\000m\000b\000r\000e\000E\000m\000i\000s\000o\000r\000a}{subsection.6.2.5}% 69
\BOOKMARK [3][-]{subsubsection.6.2.5.3}{\376\377\0006\000.\0002\000.\0005\000.\0003\000\040\000t\000x\000P\000o\000w\000e\000r}{subsection.6.2.5}% 70
\BOOKMARK [1][-]{section.6.3}{\376\377\0006\000.\0003\000\040\000R\000e\000f\000e\000r\000e\000n\000c\000i\000a\000\040\000d\000e\000\040\000l\000a\000\040\000c\000l\000a\000s\000e\000\040\000L\000E\000D}{chapter.6}% 71
\BOOKMARK [2][-]{subsection.6.3.1}{\376\377\0006\000.\0003\000.\0001\000\040\000D\000e\000s\000c\000r\000i\000p\000c\000i\000\363\000n\000\040\000d\000e\000t\000a\000l\000l\000a\000d\000a}{section.6.3}% 72
\BOOKMARK [2][-]{subsection.6.3.2}{\376\377\0006\000.\0003\000.\0002\000\040\000D\000o\000c\000u\000m\000e\000n\000t\000a\000c\000i\000\363\000n\000\040\000d\000e\000\040\000c\000o\000n\000s\000t\000r\000u\000c\000t\000o\000r\000e\000s\000\040\000y\000\040\000d\000e\000s\000t\000r\000u\000c\000t\000o\000r\000e\000s}{section.6.3}% 73
\BOOKMARK [3][-]{subsubsection.6.3.2.1}{\376\377\0006\000.\0003\000.\0002\000.\0001\000\040\000L\000E\000D\000\050\000\051}{subsection.6.3.2}% 74
\BOOKMARK [2][-]{subsection.6.3.3}{\376\377\0006\000.\0003\000.\0003\000\040\000D\000o\000c\000u\000m\000e\000n\000t\000a\000c\000i\000\363\000n\000\040\000d\000e\000\040\000f\000u\000n\000c\000i\000o\000n\000e\000s\000\040\000m\000i\000e\000m\000b\000r\000o}{section.6.3}% 75
\BOOKMARK [3][-]{subsubsection.6.3.3.1}{\376\377\0006\000.\0003\000.\0003\000.\0001\000\040\000a\000l\000t\000e\000r\000n\000a\000r\000\050\000\051}{subsection.6.3.3}% 76
\BOOKMARK [3][-]{subsubsection.6.3.3.2}{\376\377\0006\000.\0003\000.\0003\000.\0002\000\040\000a\000p\000a\000g\000a\000r\000\050\000\051}{subsection.6.3.3}% 77
\BOOKMARK [3][-]{subsubsection.6.3.3.3}{\376\377\0006\000.\0003\000.\0003\000.\0003\000\040\000b\000r\000i\000l\000l\000a\000r\000\050\000\051}{subsection.6.3.3}% 78
\BOOKMARK [3][-]{subsubsection.6.3.3.4}{\376\377\0006\000.\0003\000.\0003\000.\0004\000\040\000e\000n\000c\000e\000n\000d\000e\000r\000\050\000\051}{subsection.6.3.3}% 79
\BOOKMARK [2][-]{subsection.6.3.4}{\376\377\0006\000.\0003\000.\0004\000\040\000D\000o\000c\000u\000m\000e\000n\000t\000a\000c\000i\000\363\000n\000\040\000d\000e\000\040\000d\000a\000t\000o\000s\000\040\000m\000i\000e\000m\000b\000r\000o}{section.6.3}% 80
\BOOKMARK [3][-]{subsubsection.6.3.4.1}{\376\377\0006\000.\0003\000.\0004\000.\0001\000\040\000e\000n\000c\000e\000n\000d\000i\000d\000o}{subsection.6.3.4}% 81
\BOOKMARK [3][-]{subsubsection.6.3.4.2}{\376\377\0006\000.\0003\000.\0004\000.\0002\000\040\000n\000u\000m\000e\000r\000o\000L\000E\000D}{subsection.6.3.4}% 82
\BOOKMARK [1][-]{section.6.4}{\376\377\0006\000.\0004\000\040\000R\000e\000f\000e\000r\000e\000n\000c\000i\000a\000\040\000d\000e\000\040\000l\000a\000\040\000c\000l\000a\000s\000e\000\040\000M\000e\000d\000i\000d\000o\000r}{chapter.6}% 83
\BOOKMARK [2][-]{subsection.6.4.1}{\376\377\0006\000.\0004\000.\0001\000\040\000D\000e\000s\000c\000r\000i\000p\000c\000i\000\363\000n\000\040\000d\000e\000t\000a\000l\000l\000a\000d\000a}{section.6.4}% 84
\BOOKMARK [2][-]{subsection.6.4.2}{\376\377\0006\000.\0004\000.\0002\000\040\000D\000o\000c\000u\000m\000e\000n\000t\000a\000c\000i\000\363\000n\000\040\000d\000e\000\040\000c\000o\000n\000s\000t\000r\000u\000c\000t\000o\000r\000e\000s\000\040\000y\000\040\000d\000e\000s\000t\000r\000u\000c\000t\000o\000r\000e\000s}{section.6.4}% 85
\BOOKMARK [3][-]{subsubsection.6.4.2.1}{\376\377\0006\000.\0004\000.\0002\000.\0001\000\040\000M\000e\000d\000i\000d\000o\000r\000\050\000\051}{subsection.6.4.2}% 86
\BOOKMARK [2][-]{subsection.6.4.3}{\376\377\0006\000.\0004\000.\0003\000\040\000D\000o\000c\000u\000m\000e\000n\000t\000a\000c\000i\000\363\000n\000\040\000d\000e\000\040\000f\000u\000n\000c\000i\000o\000n\000e\000s\000\040\000m\000i\000e\000m\000b\000r\000o}{section.6.4}% 87
\BOOKMARK [3][-]{subsubsection.6.4.3.1}{\376\377\0006\000.\0004\000.\0003\000.\0001\000\040\000i\000n\000i\000c\000i\000a\000r\000M\000e\000d\000i\000d\000o\000r\000\050\000\051}{subsection.6.4.3}% 88
\BOOKMARK [3][-]{subsubsection.6.4.3.2}{\376\377\0006\000.\0004\000.\0003\000.\0002\000\040\000m\000e\000d\000i\000r\000C\000O\0002\000\050\000\051}{subsection.6.4.3}% 89
\BOOKMARK [3][-]{subsubsection.6.4.3.3}{\376\377\0006\000.\0004\000.\0003\000.\0003\000\040\000m\000e\000d\000i\000r\000T\000e\000m\000p\000e\000r\000a\000t\000u\000r\000a\000\050\000\051}{subsection.6.4.3}% 90
\BOOKMARK [1][-]{section.6.5}{\376\377\0006\000.\0005\000\040\000R\000e\000f\000e\000r\000e\000n\000c\000i\000a\000\040\000d\000e\000\040\000l\000a\000\040\000c\000l\000a\000s\000e\000\040\000P\000u\000b\000l\000i\000c\000a\000d\000o\000r}{chapter.6}% 91
\BOOKMARK [2][-]{subsection.6.5.1}{\376\377\0006\000.\0005\000.\0001\000\040\000D\000e\000s\000c\000r\000i\000p\000c\000i\000\363\000n\000\040\000d\000e\000t\000a\000l\000l\000a\000d\000a}{section.6.5}% 92
\BOOKMARK [2][-]{subsection.6.5.2}{\376\377\0006\000.\0005\000.\0002\000\040\000D\000o\000c\000u\000m\000e\000n\000t\000a\000c\000i\000\363\000n\000\040\000d\000e\000\040\000l\000a\000s\000\040\000e\000n\000u\000m\000e\000r\000a\000c\000i\000o\000n\000e\000s\000\040\000m\000i\000e\000m\000b\000r\000o\000\040\000d\000e\000\040\000l\000a\000\040\000c\000l\000a\000s\000e}{section.6.5}% 93
\BOOKMARK [3][-]{subsubsection.6.5.2.1}{\376\377\0006\000.\0005\000.\0002\000.\0001\000\040\000M\000e\000d\000i\000c\000i\000o\000n\000e\000s\000I\000D}{subsection.6.5.2}% 94
\BOOKMARK [2][-]{subsection.6.5.3}{\376\377\0006\000.\0005\000.\0003\000\040\000D\000o\000c\000u\000m\000e\000n\000t\000a\000c\000i\000\363\000n\000\040\000d\000e\000\040\000c\000o\000n\000s\000t\000r\000u\000c\000t\000o\000r\000e\000s\000\040\000y\000\040\000d\000e\000s\000t\000r\000u\000c\000t\000o\000r\000e\000s}{section.6.5}% 95
\BOOKMARK [3][-]{subsubsection.6.5.3.1}{\376\377\0006\000.\0005\000.\0003\000.\0001\000\040\000P\000u\000b\000l\000i\000c\000a\000d\000o\000r\000\050\000\051}{subsection.6.5.3}% 96
\BOOKMARK [2][-]{subsection.6.5.4}{\376\377\0006\000.\0005\000.\0004\000\040\000D\000o\000c\000u\000m\000e\000n\000t\000a\000c\000i\000\363\000n\000\040\000d\000e\000\040\000f\000u\000n\000c\000i\000o\000n\000e\000s\000\040\000m\000i\000e\000m\000b\000r\000o}{section.6.5}% 97
\BOOKMARK [3][-]{subsubsection.6.5.4.1}{\376\377\0006\000.\0005\000.\0004\000.\0001\000\040\000e\000n\000c\000e\000n\000d\000e\000r\000E\000m\000i\000s\000o\000r\000a\000\050\000\051}{subsection.6.5.4}% 98
\BOOKMARK [3][-]{subsubsection.6.5.4.2}{\376\377\0006\000.\0005\000.\0004\000.\0002\000\040\000p\000u\000b\000l\000i\000c\000a\000r\000C\000O\0002\000\050\000\051}{subsection.6.5.4}% 99
\BOOKMARK [3][-]{subsubsection.6.5.4.3}{\376\377\0006\000.\0005\000.\0004\000.\0003\000\040\000p\000u\000b\000l\000i\000c\000a\000r\000T\000e\000m\000p\000e\000r\000a\000t\000u\000r\000a\000\050\000\051}{subsection.6.5.4}% 100
\BOOKMARK [2][-]{subsection.6.5.5}{\376\377\0006\000.\0005\000.\0005\000\040\000D\000o\000c\000u\000m\000e\000n\000t\000a\000c\000i\000\363\000n\000\040\000d\000e\000\040\000d\000a\000t\000o\000s\000\040\000m\000i\000e\000m\000b\000r\000o}{section.6.5}% 101
\BOOKMARK [3][-]{subsubsection.6.5.5.1}{\376\377\0006\000.\0005\000.\0005\000.\0001\000\040\000b\000e\000a\000c\000o\000n\000U\000U\000I\000D}{subsection.6.5.5}% 102
\BOOKMARK [3][-]{subsubsection.6.5.5.2}{\376\377\0006\000.\0005\000.\0005\000.\0002\000\040\000l\000a\000E\000m\000i\000s\000o\000r\000a}{subsection.6.5.5}% 103
\BOOKMARK [3][-]{subsubsection.6.5.5.3}{\376\377\0006\000.\0005\000.\0005\000.\0003\000\040\000R\000S\000S\000I}{subsection.6.5.5}% 104
\BOOKMARK [1][-]{section.6.6}{\376\377\0006\000.\0006\000\040\000R\000e\000f\000e\000r\000e\000n\000c\000i\000a\000\040\000d\000e\000\040\000l\000a\000\040\000c\000l\000a\000s\000e\000\040\000P\000u\000e\000r\000t\000o\000S\000e\000r\000i\000e}{chapter.6}% 105
\BOOKMARK [2][-]{subsection.6.6.1}{\376\377\0006\000.\0006\000.\0001\000\040\000D\000e\000s\000c\000r\000i\000p\000c\000i\000\363\000n\000\040\000d\000e\000t\000a\000l\000l\000a\000d\000a}{section.6.6}% 106
\BOOKMARK [2][-]{subsection.6.6.2}{\376\377\0006\000.\0006\000.\0002\000\040\000D\000o\000c\000u\000m\000e\000n\000t\000a\000c\000i\000\363\000n\000\040\000d\000e\000\040\000c\000o\000n\000s\000t\000r\000u\000c\000t\000o\000r\000e\000s\000\040\000y\000\040\000d\000e\000s\000t\000r\000u\000c\000t\000o\000r\000e\000s}{section.6.6}% 107
\BOOKMARK [3][-]{subsubsection.6.6.2.1}{\376\377\0006\000.\0006\000.\0002\000.\0001\000\040\000P\000u\000e\000r\000t\000o\000S\000e\000r\000i\000e\000\050\000\051}{subsection.6.6.2}% 108
\BOOKMARK [2][-]{subsection.6.6.3}{\376\377\0006\000.\0006\000.\0003\000\040\000D\000o\000c\000u\000m\000e\000n\000t\000a\000c\000i\000\363\000n\000\040\000d\000e\000\040\000f\000u\000n\000c\000i\000o\000n\000e\000s\000\040\000m\000i\000e\000m\000b\000r\000o}{section.6.6}% 109
\BOOKMARK [3][-]{subsubsection.6.6.3.1}{\376\377\0006\000.\0006\000.\0003\000.\0001\000\040\000e\000s\000c\000r\000i\000b\000i\000r\000\050\000\051}{subsection.6.6.3}% 110
\BOOKMARK [3][-]{subsubsection.6.6.3.2}{\376\377\0006\000.\0006\000.\0003\000.\0002\000\040\000e\000s\000p\000e\000r\000a\000r\000D\000i\000s\000p\000o\000n\000i\000b\000l\000e\000\050\000\051}{subsection.6.6.3}% 111
\BOOKMARK [1][-]{section.6.7}{\376\377\0006\000.\0007\000\040\000R\000e\000f\000e\000r\000e\000n\000c\000i\000a\000\040\000d\000e\000\040\000l\000a\000\040\000c\000l\000a\000s\000e\000\040\000S\000e\000r\000v\000i\000c\000i\000o\000E\000n\000E\000m\000i\000s\000o\000r\000a}{chapter.6}% 112
\BOOKMARK [2][-]{subsection.6.7.1}{\376\377\0006\000.\0007\000.\0001\000\040\000D\000e\000s\000c\000r\000i\000p\000c\000i\000\363\000n\000\040\000d\000e\000t\000a\000l\000l\000a\000d\000a}{section.6.7}% 113
\BOOKMARK [2][-]{subsection.6.7.2}{\376\377\0006\000.\0007\000.\0002\000\040\000D\000o\000c\000u\000m\000e\000n\000t\000a\000c\000i\000\363\000n\000\040\000d\000e\000\040\000l\000o\000s\000\040\000\253\000T\000y\000p\000e\000d\000e\000f\000\273\000\040\000m\000i\000e\000m\000b\000r\000o\000s\000\040\000d\000e\000\040\000l\000a\000\040\000c\000l\000a\000s\000e}{section.6.7}% 114
\BOOKMARK [3][-]{subsubsection.6.7.2.1}{\376\377\0006\000.\0007\000.\0002\000.\0001\000\040\000C\000a\000l\000l\000b\000a\000c\000k\000C\000a\000r\000a\000c\000t\000e\000r\000i\000s\000t\000i\000c\000a\000E\000s\000c\000r\000i\000t\000a}{subsection.6.7.2}% 115
\BOOKMARK [2][-]{subsection.6.7.3}{\376\377\0006\000.\0007\000.\0003\000\040\000D\000o\000c\000u\000m\000e\000n\000t\000a\000c\000i\000\363\000n\000\040\000d\000e\000\040\000c\000o\000n\000s\000t\000r\000u\000c\000t\000o\000r\000e\000s\000\040\000y\000\040\000d\000e\000s\000t\000r\000u\000c\000t\000o\000r\000e\000s}{section.6.7}% 116
\BOOKMARK [3][-]{subsubsection.6.7.3.1}{\376\377\0006\000.\0007\000.\0003\000.\0001\000\040\000S\000e\000r\000v\000i\000c\000i\000o\000E\000n\000E\000m\000i\000s\000o\000r\000a\000\050\000\051}{subsection.6.7.3}% 117
\BOOKMARK [2][-]{subsection.6.7.4}{\376\377\0006\000.\0007\000.\0004\000\040\000D\000o\000c\000u\000m\000e\000n\000t\000a\000c\000i\000\363\000n\000\040\000d\000e\000\040\000f\000u\000n\000c\000i\000o\000n\000e\000s\000\040\000m\000i\000e\000m\000b\000r\000o}{section.6.7}% 118
\BOOKMARK [3][-]{subsubsection.6.7.4.1}{\376\377\0006\000.\0007\000.\0004\000.\0001\000\040\000a\000c\000t\000i\000v\000a\000r\000S\000e\000r\000v\000i\000c\000i\000o\000\050\000\051}{subsection.6.7.4}% 119
\BOOKMARK [3][-]{subsubsection.6.7.4.2}{\376\377\0006\000.\0007\000.\0004\000.\0002\000\040\000a\000n\000y\000a\000d\000i\000r\000C\000a\000r\000a\000c\000t\000e\000r\000i\000s\000t\000i\000c\000a\000\050\000\051}{subsection.6.7.4}% 120
\BOOKMARK [3][-]{subsubsection.6.7.4.3}{\376\377\0006\000.\0007\000.\0004\000.\0003\000\040\000e\000s\000c\000r\000i\000b\000e\000U\000U\000I\000D\000\050\000\051}{subsection.6.7.4}% 121
\BOOKMARK [3][-]{subsubsection.6.7.4.4}{\376\377\0006\000.\0007\000.\0004\000.\0004\000\040\000o\000p\000e\000r\000a\000t\000o\000r\000\040\000B\000L\000E\000S\000e\000r\000v\000i\000c\000e\000\040\000\046\000\050\000\051}{subsection.6.7.4}% 122
\BOOKMARK [2][-]{subsection.6.7.5}{\376\377\0006\000.\0007\000.\0005\000\040\000D\000o\000c\000u\000m\000e\000n\000t\000a\000c\000i\000\363\000n\000\040\000d\000e\000\040\000d\000a\000t\000o\000s\000\040\000m\000i\000e\000m\000b\000r\000o}{section.6.7}% 123
\BOOKMARK [3][-]{subsubsection.6.7.5.1}{\376\377\0006\000.\0007\000.\0005\000.\0001\000\040\000e\000l\000S\000e\000r\000v\000i\000c\000i\000o}{subsection.6.7.5}% 124
\BOOKMARK [3][-]{subsubsection.6.7.5.2}{\376\377\0006\000.\0007\000.\0005\000.\0002\000\040\000l\000a\000s\000C\000a\000r\000a\000c\000t\000e\000r\000i\000s\000t\000i\000c\000a\000s}{subsection.6.7.5}% 125
\BOOKMARK [3][-]{subsubsection.6.7.5.3}{\376\377\0006\000.\0007\000.\0005\000.\0003\000\040\000u\000u\000i\000d\000S\000e\000r\000v\000i\000c\000i\000o}{subsection.6.7.5}% 126
\BOOKMARK [0][-]{chapter.7}{\376\377\0007\000\040\000D\000o\000c\000u\000m\000e\000n\000t\000a\000c\000i\000\363\000n\000\040\000d\000e\000\040\000a\000r\000c\000h\000i\000v\000o\000s}{}% 127
\BOOKMARK [1][-]{section.7.1}{\376\377\0007\000.\0001\000\040\000R\000e\000f\000e\000r\000e\000n\000c\000i\000a\000\040\000d\000e\000l\000\040\000a\000r\000c\000h\000i\000v\000o\000\040\000H\000o\000l\000a\000M\000u\000n\000d\000o\000I\000B\000e\000a\000c\000o\000n\000/\000E\000m\000i\000s\000o\000r\000a\000B\000L\000E\000.\000h}{chapter.7}% 128
\BOOKMARK [2][-]{subsection.7.1.1}{\376\377\0007\000.\0001\000.\0001\000\040\000D\000e\000s\000c\000r\000i\000p\000c\000i\000\363\000n\000\040\000d\000e\000t\000a\000l\000l\000a\000d\000a}{section.7.1}% 129
\BOOKMARK [1][-]{section.7.2}{\376\377\0007\000.\0002\000\040\000E\000m\000i\000s\000o\000r\000a\000B\000L\000E\000.\000h}{chapter.7}% 130
\BOOKMARK [1][-]{section.7.3}{\376\377\0007\000.\0003\000\040\000R\000e\000f\000e\000r\000e\000n\000c\000i\000a\000\040\000d\000e\000l\000\040\000a\000r\000c\000h\000i\000v\000o\000\040\000H\000o\000l\000a\000M\000u\000n\000d\000o\000I\000B\000e\000a\000c\000o\000n\000/\000H\000o\000l\000a\000M\000u\000n\000d\000o\000I\000B\000e\000a\000c\000o\000n\000.\000i\000n\000o}{chapter.7}% 131
\BOOKMARK [2][-]{subsection.7.3.1}{\376\377\0007\000.\0003\000.\0001\000\040\000D\000e\000s\000c\000r\000i\000p\000c\000i\000\363\000n\000\040\000d\000e\000t\000a\000l\000l\000a\000d\000a}{section.7.3}% 132
\BOOKMARK [2][-]{subsection.7.3.2}{\376\377\0007\000.\0003\000.\0002\000\040\000D\000o\000c\000u\000m\000e\000n\000t\000a\000c\000i\000\363\000n\000\040\000d\000e\000\040\000f\000u\000n\000c\000i\000o\000n\000e\000s}{section.7.3}% 133
\BOOKMARK [3][-]{subsubsection.7.3.2.1}{\376\377\0007\000.\0003\000.\0002\000.\0001\000\040\000i\000n\000i\000c\000i\000a\000l\000i\000z\000a\000r\000P\000l\000a\000q\000u\000i\000t\000a\000\050\000\051}{subsection.7.3.2}% 134
\BOOKMARK [3][-]{subsubsection.7.3.2.2}{\376\377\0007\000.\0003\000.\0002\000.\0002\000\040\000l\000o\000o\000p\000\050\000\051}{subsection.7.3.2}% 135
\BOOKMARK [3][-]{subsubsection.7.3.2.3}{\376\377\0007\000.\0003\000.\0002\000.\0003\000\040\000l\000u\000c\000e\000c\000i\000t\000a\000s\000\050\000\051}{subsection.7.3.2}% 136
\BOOKMARK [3][-]{subsubsection.7.3.2.4}{\376\377\0007\000.\0003\000.\0002\000.\0004\000\040\000s\000e\000t\000u\000p\000\050\000\051}{subsection.7.3.2}% 137
\BOOKMARK [1][-]{section.7.4}{\376\377\0007\000.\0004\000\040\000R\000e\000f\000e\000r\000e\000n\000c\000i\000a\000\040\000d\000e\000l\000\040\000a\000r\000c\000h\000i\000v\000o\000\040\000H\000o\000l\000a\000M\000u\000n\000d\000o\000I\000B\000e\000a\000c\000o\000n\000/\000L\000E\000D\000.\000h}{chapter.7}% 138
\BOOKMARK [2][-]{subsection.7.4.1}{\376\377\0007\000.\0004\000.\0001\000\040\000D\000e\000s\000c\000r\000i\000p\000c\000i\000\363\000n\000\040\000d\000e\000t\000a\000l\000l\000a\000d\000a}{section.7.4}% 139
\BOOKMARK [2][-]{subsection.7.4.2}{\376\377\0007\000.\0004\000.\0002\000\040\000D\000o\000c\000u\000m\000e\000n\000t\000a\000c\000i\000\363\000n\000\040\000d\000e\000\040\000f\000u\000n\000c\000i\000o\000n\000e\000s}{section.7.4}% 140
\BOOKMARK [3][-]{subsubsection.7.4.2.1}{\376\377\0007\000.\0004\000.\0002\000.\0001\000\040\000e\000s\000p\000e\000r\000a\000r\000\050\000\051}{subsection.7.4.2}% 141
\BOOKMARK [1][-]{section.7.5}{\376\377\0007\000.\0005\000\040\000L\000E\000D\000.\000h}{chapter.7}% 142
\BOOKMARK [1][-]{section.7.6}{\376\377\0007\000.\0006\000\040\000R\000e\000f\000e\000r\000e\000n\000c\000i\000a\000\040\000d\000e\000l\000\040\000a\000r\000c\000h\000i\000v\000o\000\040\000H\000o\000l\000a\000M\000u\000n\000d\000o\000I\000B\000e\000a\000c\000o\000n\000/\000M\000e\000d\000i\000d\000o\000r\000.\000h}{chapter.7}% 143
\BOOKMARK [2][-]{subsection.7.6.1}{\376\377\0007\000.\0006\000.\0001\000\040\000D\000e\000s\000c\000r\000i\000p\000c\000i\000\363\000n\000\040\000d\000e\000t\000a\000l\000l\000a\000d\000a}{section.7.6}% 144
\BOOKMARK [1][-]{section.7.7}{\376\377\0007\000.\0007\000\040\000M\000e\000d\000i\000d\000o\000r\000.\000h}{chapter.7}% 145
\BOOKMARK [1][-]{section.7.8}{\376\377\0007\000.\0008\000\040\000R\000e\000f\000e\000r\000e\000n\000c\000i\000a\000\040\000d\000e\000l\000\040\000a\000r\000c\000h\000i\000v\000o\000\040\000H\000o\000l\000a\000M\000u\000n\000d\000o\000I\000B\000e\000a\000c\000o\000n\000/\000P\000u\000b\000l\000i\000c\000a\000d\000o\000r\000.\000h}{chapter.7}% 146
\BOOKMARK [2][-]{subsection.7.8.1}{\376\377\0007\000.\0008\000.\0001\000\040\000D\000e\000s\000c\000r\000i\000p\000c\000i\000\363\000n\000\040\000d\000e\000t\000a\000l\000l\000a\000d\000a}{section.7.8}% 147
\BOOKMARK [1][-]{section.7.9}{\376\377\0007\000.\0009\000\040\000P\000u\000b\000l\000i\000c\000a\000d\000o\000r\000.\000h}{chapter.7}% 148
\BOOKMARK [1][-]{section.7.10}{\376\377\0007\000.\0001\0000\000\040\000R\000e\000f\000e\000r\000e\000n\000c\000i\000a\000\040\000d\000e\000l\000\040\000a\000r\000c\000h\000i\000v\000o\000\040\000H\000o\000l\000a\000M\000u\000n\000d\000o\000I\000B\000e\000a\000c\000o\000n\000/\000P\000u\000e\000r\000t\000o\000S\000e\000r\000i\000e\000.\000h}{chapter.7}% 149
\BOOKMARK [2][-]{subsection.7.10.1}{\376\377\0007\000.\0001\0000\000.\0001\000\040\000D\000e\000s\000c\000r\000i\000p\000c\000i\000\363\000n\000\040\000d\000e\000t\000a\000l\000l\000a\000d\000a}{section.7.10}% 150
\BOOKMARK [1][-]{section.7.11}{\376\377\0007\000.\0001\0001\000\040\000P\000u\000e\000r\000t\000o\000S\000e\000r\000i\000e\000.\000h}{chapter.7}% 151
\BOOKMARK [1][-]{section.7.12}{\376\377\0007\000.\0001\0002\000\040\000R\000e\000f\000e\000r\000e\000n\000c\000i\000a\000\040\000d\000e\000l\000\040\000a\000r\000c\000h\000i\000v\000o\000\040\000H\000o\000l\000a\000M\000u\000n\000d\000o\000I\000B\000e\000a\000c\000o\000n\000/\000S\000e\000r\000v\000i\000c\000i\000o\000E\000n\000E\000m\000i\000s\000o\000r\000a\000.\000h}{chapter.7}% 152
\BOOKMARK [2][-]{subsection.7.12.1}{\376\377\0007\000.\0001\0002\000.\0001\000\040\000D\000e\000s\000c\000r\000i\000p\000c\000i\000\363\000n\000\040\000d\000e\000t\000a\000l\000l\000a\000d\000a}{section.7.12}% 153
\BOOKMARK [2][-]{subsection.7.12.2}{\376\377\0007\000.\0001\0002\000.\0002\000\040\000D\000o\000c\000u\000m\000e\000n\000t\000a\000c\000i\000\363\000n\000\040\000d\000e\000\040\000f\000u\000n\000c\000i\000o\000n\000e\000s}{section.7.12}% 154
\BOOKMARK [3][-]{subsubsection.7.12.2.1}{\376\377\0007\000.\0001\0002\000.\0002\000.\0001\000\040\000a\000l\000R\000e\000v\000e\000s\000\050\000\051}{subsection.7.12.2}% 155
\BOOKMARK [3][-]{subsubsection.7.12.2.2}{\376\377\0007\000.\0001\0002\000.\0002\000.\0002\000\040\000s\000t\000r\000i\000n\000g\000A\000U\000i\000n\000t\0008\000A\000l\000R\000e\000v\000e\000s\000\050\000\051}{subsection.7.12.2}% 156
\BOOKMARK [1][-]{section.7.13}{\376\377\0007\000.\0001\0003\000\040\000S\000e\000r\000v\000i\000c\000i\000o\000E\000n\000E\000m\000i\000s\000o\000r\000a\000.\000h}{chapter.7}% 157
\BOOKMARK [1][-]{section.7.14}{\376\377\0007\000.\0001\0004\000\040\000R\000e\000f\000e\000r\000e\000n\000c\000i\000a\000\040\000d\000e\000l\000\040\000a\000r\000c\000h\000i\000v\000o\000\040\000R\000E\000A\000D\000M\000E\000.\000m\000d}{chapter.7}% 158
